<?xml version="1.0" encoding="UTF-8"?>
<!-- Generated by org.testng.reporters.JUnitReportReporter -->
<testsuite hostname="Rajaneesh" failures="0" tests="4" name="api.test.UserTests2" time="10.527" errors="0" timestamp="2024-05-29T12:41:48 IST" skipped="0">
  <testcase classname="api.test.UserTests2" name="testPostUser" time="5.238"/>
  <testcase classname="api.test.UserTests2" name="testGetUserByName" time="1.457"/>
  <testcase classname="api.test.UserTests2" name="testUpdateUserByName" time="2.572"/>
  <testcase classname="api.test.UserTests2" name="testDeleteUserByName" time="1.260"/>
</testsuite> <!-- api.test.UserTests2 -->
