<?xml version="1.0" encoding="UTF-8"?>
<!-- Generated by org.testng.reporters.JUnitReportReporter -->
<testsuite hostname="Rajaneesh" failures="0" tests="12" name="api.test.DDTests" time="17.263" errors="0" timestamp="2024-05-29T12:41:48 IST" skipped="0">
  <testcase classname="api.test.DDTests" name="testPostUser" time="1.394"/>
  <testcase classname="api.test.DDTests" name="testPostUser" time="1.223"/>
  <testcase classname="api.test.DDTests" name="testPostUser" time="1.433"/>
  <testcase classname="api.test.DDTests" name="testPostUser" time="1.526"/>
  <testcase classname="api.test.DDTests" name="testPostUser" time="1.538"/>
  <testcase classname="api.test.DDTests" name="testPostUser" time="1.446"/>
  <testcase classname="api.test.DDTests" name="testDeleteUserByName" time="1.320"/>
  <testcase classname="api.test.DDTests" name="testDeleteUserByName" time="1.732"/>
  <testcase classname="api.test.DDTests" name="testDeleteUserByName" time="1.518"/>
  <testcase classname="api.test.DDTests" name="testDeleteUserByName" time="1.322"/>
  <testcase classname="api.test.DDTests" name="testDeleteUserByName" time="1.374"/>
  <testcase classname="api.test.DDTests" name="testDeleteUserByName" time="1.437"/>
</testsuite> <!-- api.test.DDTests -->
