<?xml version="1.0" encoding="UTF-8"?>
<!-- Generated by org.testng.reporters.JUnitReportReporter -->
<testsuite hostname="Rajaneesh" failures="0" tests="4" name="api.test.UserTests" time="9.997" errors="0" timestamp="2024-01-18T15:40:27 IST" skipped="0">
  <testcase classname="api.test.UserTests" name="testPostUser" time="4.022"/>
  <testcase classname="api.test.UserTests" name="testGetUserByName" time="1.399"/>
  <testcase classname="api.test.UserTests" name="testUpdateUserByName" time="3.151"/>
  <testcase classname="api.test.UserTests" name="testDeleteUserByName" time="1.425"/>
</testsuite> <!-- api.test.UserTests -->
