<?xml version="1.0" encoding="UTF-8"?>
<!-- Generated by org.testng.reporters.JUnitReportReporter -->
<testsuite hostname="Rajaneesh" failures="0" tests="12" name="api.test.DDTests" time="17.761" errors="0" timestamp="2024-01-18T08:16:00 IST" skipped="0">
  <testcase classname="api.test.DDTests" name="testPostUser" time="1.532"/>
  <testcase classname="api.test.DDTests" name="testPostUser" time="1.475"/>
  <testcase classname="api.test.DDTests" name="testPostUser" time="1.432"/>
  <testcase classname="api.test.DDTests" name="testPostUser" time="1.329"/>
  <testcase classname="api.test.DDTests" name="testPostUser" time="1.542"/>
  <testcase classname="api.test.DDTests" name="testPostUser" time="1.420"/>
  <testcase classname="api.test.DDTests" name="testDeleteUserByName" time="1.431"/>
  <testcase classname="api.test.DDTests" name="testDeleteUserByName" time="1.460"/>
  <testcase classname="api.test.DDTests" name="testDeleteUserByName" time="1.504"/>
  <testcase classname="api.test.DDTests" name="testDeleteUserByName" time="1.538"/>
  <testcase classname="api.test.DDTests" name="testDeleteUserByName" time="1.570"/>
  <testcase classname="api.test.DDTests" name="testDeleteUserByName" time="1.528"/>
</testsuite> <!-- api.test.DDTests -->
