<?xml version="1.0" encoding="UTF-8"?>
<!-- Generated by org.testng.reporters.JUnitReportReporter -->
<testsuite hostname="Rajaneesh" failures="0" tests="4" name="api.test.UserTests2" time="10.606" errors="0" timestamp="2024-05-29T12:44:08 IST" skipped="0">
  <testcase classname="api.test.UserTests2" name="testPostUser" time="4.602"/>
  <testcase classname="api.test.UserTests2" name="testGetUserByName" time="1.614"/>
  <testcase classname="api.test.UserTests2" name="testUpdateUserByName" time="2.862"/>
  <testcase classname="api.test.UserTests2" name="testDeleteUserByName" time="1.528"/>
</testsuite> <!-- api.test.UserTests2 -->
