<?xml version="1.0" encoding="UTF-8"?>
<!-- Generated by org.testng.reporters.JUnitReportReporter -->
<testsuite hostname="Rajaneesh" failures="0" tests="4" name="api.test.UserTests2" time="9.453" errors="0" timestamp="2024-01-18T17:29:32 IST" skipped="0">
  <testcase classname="api.test.UserTests2" name="testPostUser" time="3.838"/>
  <testcase classname="api.test.UserTests2" name="testGetUserByName" time="1.456"/>
  <testcase classname="api.test.UserTests2" name="testUpdateUserByName" time="2.635"/>
  <testcase classname="api.test.UserTests2" name="testDeleteUserByName" time="1.524"/>
</testsuite> <!-- api.test.UserTests2 -->
