<?xml version="1.0" encoding="UTF-8"?>
<!-- Generated by org.testng.reporters.JUnitReportReporter -->
<testsuite hostname="Rajaneesh" failures="0" tests="12" name="api.test.DDTests" time="17.027" errors="0" timestamp="2024-05-29T12:44:08 IST" skipped="0">
  <testcase classname="api.test.DDTests" name="testPostUser" time="1.435"/>
  <testcase classname="api.test.DDTests" name="testPostUser" time="1.531"/>
  <testcase classname="api.test.DDTests" name="testPostUser" time="1.255"/>
  <testcase classname="api.test.DDTests" name="testPostUser" time="1.565"/>
  <testcase classname="api.test.DDTests" name="testPostUser" time="1.325"/>
  <testcase classname="api.test.DDTests" name="testPostUser" time="1.404"/>
  <testcase classname="api.test.DDTests" name="testDeleteUserByName" time="1.369"/>
  <testcase classname="api.test.DDTests" name="testDeleteUserByName" time="1.483"/>
  <testcase classname="api.test.DDTests" name="testDeleteUserByName" time="1.353"/>
  <testcase classname="api.test.DDTests" name="testDeleteUserByName" time="1.446"/>
  <testcase classname="api.test.DDTests" name="testDeleteUserByName" time="1.480"/>
  <testcase classname="api.test.DDTests" name="testDeleteUserByName" time="1.381"/>
</testsuite> <!-- api.test.DDTests -->
